mode: set
github.com/EmiyaKiritsugu3/sentinel-core/internal/patterns/backfill.go:28.96,30.29 2 1
github.com/EmiyaKiritsugu3/sentinel-core/internal/patterns/backfill.go:30.29,31.42 1 1
github.com/EmiyaKiritsugu3/sentinel-core/internal/patterns/backfill.go:31.42,34.4 2 1
github.com/EmiyaKiritsugu3/sentinel-core/internal/patterns/backfill.go:37.2,46.16 2 1
github.com/EmiyaKiritsugu3/sentinel-core/internal/patterns/backfill.go:46.16,49.3 2 1
github.com/EmiyaKiritsugu3/sentinel-core/internal/patterns/backfill.go:50.2,50.19 1 1
github.com/EmiyaKiritsugu3/sentinel-core/internal/patterns/backfill.go:53.89,56.16 3 1
github.com/EmiyaKiritsugu3/sentinel-core/internal/patterns/backfill.go:56.16,58.3 1 0
github.com/EmiyaKiritsugu3/sentinel-core/internal/patterns/backfill.go:59.2,61.31 2 1
github.com/EmiyaKiritsugu3/sentinel-core/internal/patterns/backfill.go:61.31,63.3 1 1
github.com/EmiyaKiritsugu3/sentinel-core/internal/patterns/backfill.go:64.2,64.20 1 1
github.com/EmiyaKiritsugu3/sentinel-core/internal/patterns/backfill.go:67.94,70.16 3 1
github.com/EmiyaKiritsugu3/sentinel-core/internal/patterns/backfill.go:70.16,72.3 1 0
github.com/EmiyaKiritsugu3/sentinel-core/internal/patterns/backfill.go:73.2,75.31 2 1
github.com/EmiyaKiritsugu3/sentinel-core/internal/patterns/backfill.go:75.31,77.3 1 1
github.com/EmiyaKiritsugu3/sentinel-core/internal/patterns/backfill.go:78.2,78.20 1 1
github.com/EmiyaKiritsugu3/sentinel-core/internal/patterns/backfill.go:81.106,83.16 2 1
github.com/EmiyaKiritsugu3/sentinel-core/internal/patterns/backfill.go:83.16,85.3 1 0
github.com/EmiyaKiritsugu3/sentinel-core/internal/patterns/backfill.go:86.2,86.12 1 1
github.com/EmiyaKiritsugu3/sentinel-core/internal/patterns/backfill.go:86.12,88.3 1 1
github.com/EmiyaKiritsugu3/sentinel-core/internal/patterns/backfill.go:89.2,89.31 1 1
github.com/EmiyaKiritsugu3/sentinel-core/internal/patterns/backfill.go:89.31,99.3 1 1
github.com/EmiyaKiritsugu3/sentinel-core/internal/patterns/backfill.go:100.2,100.24 1 1
github.com/EmiyaKiritsugu3/sentinel-core/internal/patterns/backfill.go:103.61,104.37 1 1
github.com/EmiyaKiritsugu3/sentinel-core/internal/patterns/backfill.go:104.37,106.3 1 1
github.com/EmiyaKiritsugu3/sentinel-core/internal/patterns/backfill.go:107.2,108.20 2 1
github.com/EmiyaKiritsugu3/sentinel-core/internal/patterns/backfill.go:108.20,110.3 1 1
github.com/EmiyaKiritsugu3/sentinel-core/internal/patterns/backfill.go:112.2,112.37 1 1
github.com/EmiyaKiritsugu3/sentinel-core/internal/patterns/backfill.go:112.37,114.3 1 1
github.com/EmiyaKiritsugu3/sentinel-core/internal/patterns/backfill.go:115.2,126.9 4 1
github.com/EmiyaKiritsugu3/sentinel-core/internal/patterns/backfill.go:129.62,130.9 1 1
github.com/EmiyaKiritsugu3/sentinel-core/internal/patterns/backfill.go:131.46,133.27 2 1
github.com/EmiyaKiritsugu3/sentinel-core/internal/patterns/backfill.go:134.55,135.73 1 1
github.com/EmiyaKiritsugu3/sentinel-core/internal/patterns/backfill.go:139.104,140.23 1 1
github.com/EmiyaKiritsugu3/sentinel-core/internal/patterns/backfill.go:140.23,143.3 2 1
github.com/EmiyaKiritsugu3/sentinel-core/internal/patterns/backfill.go:146.66,148.16 2 1
github.com/EmiyaKiritsugu3/sentinel-core/internal/patterns/backfill.go:148.16,150.3 1 0
github.com/EmiyaKiritsugu3/sentinel-core/internal/patterns/backfill.go:151.2,159.21 7 1
github.com/EmiyaKiritsugu3/sentinel-core/internal/patterns/backfill.go:159.21,162.41 2 1
github.com/EmiyaKiritsugu3/sentinel-core/internal/patterns/backfill.go:162.41,164.12 2 1
github.com/EmiyaKiritsugu3/sentinel-core/internal/patterns/backfill.go:167.3,167.42 1 1
github.com/EmiyaKiritsugu3/sentinel-core/internal/patterns/backfill.go:167.42,168.13 1 1
github.com/EmiyaKiritsugu3/sentinel-core/internal/patterns/backfill.go:168.13,170.5 1 1
github.com/EmiyaKiritsugu3/sentinel-core/internal/patterns/backfill.go:171.4,181.12 5 1
github.com/EmiyaKiritsugu3/sentinel-core/internal/patterns/backfill.go:184.3,184.12 1 1
github.com/EmiyaKiritsugu3/sentinel-core/internal/patterns/backfill.go:184.12,186.4 1 1
github.com/EmiyaKiritsugu3/sentinel-core/internal/patterns/backfill.go:189.2,189.11 1 1
github.com/EmiyaKiritsugu3/sentinel-core/internal/patterns/backfill.go:189.11,191.3 1 1
github.com/EmiyaKiritsugu3/sentinel-core/internal/patterns/backfill.go:193.2,193.34 1 1
github.com/EmiyaKiritsugu3/sentinel-core/internal/patterns/backfill.go:196.90,197.29 1 1
github.com/EmiyaKiritsugu3/sentinel-core/internal/patterns/backfill.go:197.29,199.3 1 1
github.com/EmiyaKiritsugu3/sentinel-core/internal/patterns/backfill.go:200.2,200.36 1 1
github.com/EmiyaKiritsugu3/sentinel-core/internal/patterns/backfill.go:200.36,202.3 1 1
github.com/EmiyaKiritsugu3/sentinel-core/internal/patterns/backfill.go:203.2,203.34 1 1
github.com/EmiyaKiritsugu3/sentinel-core/internal/patterns/backfill.go:203.34,205.3 1 1
github.com/EmiyaKiritsugu3/sentinel-core/internal/patterns/backfill.go:207.2,215.17 8 1
github.com/EmiyaKiritsugu3/sentinel-core/internal/patterns/backfill.go:215.17,217.3 1 0
github.com/EmiyaKiritsugu3/sentinel-core/internal/patterns/backfill.go:219.2,220.20 2 1
github.com/EmiyaKiritsugu3/sentinel-core/internal/patterns/backfill.go:220.20,222.3 1 1
github.com/EmiyaKiritsugu3/sentinel-core/internal/patterns/backfill.go:224.2,225.17 2 1
github.com/EmiyaKiritsugu3/sentinel-core/internal/patterns/backfill.go:225.17,227.3 1 1
github.com/EmiyaKiritsugu3/sentinel-core/internal/patterns/backfill.go:229.2,236.9 1 1
github.com/EmiyaKiritsugu3/sentinel-core/internal/patterns/backfill.go:239.71,241.16 2 1
github.com/EmiyaKiritsugu3/sentinel-core/internal/patterns/backfill.go:241.16,243.3 1 0
github.com/EmiyaKiritsugu3/sentinel-core/internal/patterns/backfill.go:244.2,251.21 6 1
github.com/EmiyaKiritsugu3/sentinel-core/internal/patterns/backfill.go:251.21,254.10 2 1
github.com/EmiyaKiritsugu3/sentinel-core/internal/patterns/backfill.go:255.51,257.23 2 1
github.com/EmiyaKiritsugu3/sentinel-core/internal/patterns/backfill.go:258.53,260.22 2 1
github.com/EmiyaKiritsugu3/sentinel-core/internal/patterns/backfill.go:261.38,263.23 2 1
github.com/EmiyaKiritsugu3/sentinel-core/internal/patterns/backfill.go:264.11,265.66 1 1
github.com/EmiyaKiritsugu3/sentinel-core/internal/patterns/backfill.go:265.66,267.5 1 1
github.com/EmiyaKiritsugu3/sentinel-core/internal/patterns/backfill.go:271.2,271.34 1 1
github.com/EmiyaKiritsugu3/sentinel-core/internal/patterns/backfill.go:274.39,275.9 1 1
github.com/EmiyaKiritsugu3/sentinel-core/internal/patterns/backfill.go:276.42,277.13 1 1
github.com/EmiyaKiritsugu3/sentinel-core/internal/patterns/backfill.go:278.42,279.13 1 1
github.com/EmiyaKiritsugu3/sentinel-core/internal/patterns/backfill.go:280.42,281.13 1 1
github.com/EmiyaKiritsugu3/sentinel-core/internal/patterns/backfill.go:282.10,283.19 1 1
github.com/EmiyaKiritsugu3/sentinel-core/internal/patterns/backfill.go:287.63,289.16 2 1
github.com/EmiyaKiritsugu3/sentinel-core/internal/patterns/backfill.go:289.16,291.3 1 1
github.com/EmiyaKiritsugu3/sentinel-core/internal/patterns/backfill.go:293.2,297.22 4 1
github.com/EmiyaKiritsugu3/sentinel-core/internal/patterns/backfill.go:297.22,299.3 1 1
github.com/EmiyaKiritsugu3/sentinel-core/internal/patterns/backfill.go:301.2,308.9 1 1
github.com/EmiyaKiritsugu3/sentinel-core/internal/patterns/backfill.go:311.65,313.16 2 1
github.com/EmiyaKiritsugu3/sentinel-core/internal/patterns/backfill.go:313.16,315.3 1 0
github.com/EmiyaKiritsugu3/sentinel-core/internal/patterns/backfill.go:316.2,321.21 4 1
github.com/EmiyaKiritsugu3/sentinel-core/internal/patterns/backfill.go:321.21,323.43 2 1
github.com/EmiyaKiritsugu3/sentinel-core/internal/patterns/backfill.go:323.43,325.4 1 1
github.com/EmiyaKiritsugu3/sentinel-core/internal/patterns/backfill.go:328.2,328.34 1 1
github.com/EmiyaKiritsugu3/sentinel-core/internal/patterns/dedup.go:8.43,10.13 2 1
github.com/EmiyaKiritsugu3/sentinel-core/internal/patterns/dedup.go:10.13,12.3 1 1
github.com/EmiyaKiritsugu3/sentinel-core/internal/patterns/dedup.go:13.2,13.13 1 1
github.com/EmiyaKiritsugu3/sentinel-core/internal/patterns/dedup.go:13.13,15.3 1 1
github.com/EmiyaKiritsugu3/sentinel-core/internal/patterns/dedup.go:17.2,20.27 3 1
github.com/EmiyaKiritsugu3/sentinel-core/internal/patterns/dedup.go:20.27,22.3 1 1
github.com/EmiyaKiritsugu3/sentinel-core/internal/patterns/dedup.go:24.2,24.27 1 1
github.com/EmiyaKiritsugu3/sentinel-core/internal/patterns/dedup.go:24.27,26.28 2 1
github.com/EmiyaKiritsugu3/sentinel-core/internal/patterns/dedup.go:26.28,28.24 2 1
github.com/EmiyaKiritsugu3/sentinel-core/internal/patterns/dedup.go:28.24,30.5 1 1
github.com/EmiyaKiritsugu3/sentinel-core/internal/patterns/dedup.go:31.4,35.5 1 1
github.com/EmiyaKiritsugu3/sentinel-core/internal/patterns/dedup.go:37.3,37.26 1 1
github.com/EmiyaKiritsugu3/sentinel-core/internal/patterns/dedup.go:39.2,39.17 1 1
github.com/EmiyaKiritsugu3/sentinel-core/internal/patterns/dedup.go:42.38,45.40 3 1
github.com/EmiyaKiritsugu3/sentinel-core/internal/patterns/dedup.go:45.40,47.3 1 1
github.com/EmiyaKiritsugu3/sentinel-core/internal/patterns/dedup.go:49.2,50.26 2 1
github.com/EmiyaKiritsugu3/sentinel-core/internal/patterns/dedup.go:50.26,52.3 1 1
github.com/EmiyaKiritsugu3/sentinel-core/internal/patterns/dedup.go:54.2,55.26 2 1
github.com/EmiyaKiritsugu3/sentinel-core/internal/patterns/dedup.go:55.26,56.31 1 1
github.com/EmiyaKiritsugu3/sentinel-core/internal/patterns/dedup.go:56.31,58.4 1 1
github.com/EmiyaKiritsugu3/sentinel-core/internal/patterns/dedup.go:60.2,60.47 1 1
github.com/EmiyaKiritsugu3/sentinel-core/internal/patterns/dedup.go:63.35,64.13 1 1
github.com/EmiyaKiritsugu3/sentinel-core/internal/patterns/dedup.go:64.13,66.3 1 1
github.com/EmiyaKiritsugu3/sentinel-core/internal/patterns/dedup.go:67.2,69.26 3 1
github.com/EmiyaKiritsugu3/sentinel-core/internal/patterns/dedup.go:69.26,71.14 2 1
github.com/EmiyaKiritsugu3/sentinel-core/internal/patterns/dedup.go:71.14,73.4 1 1
github.com/EmiyaKiritsugu3/sentinel-core/internal/patterns/dedup.go:75.2,75.15 1 1
github.com/EmiyaKiritsugu3/sentinel-core/internal/patterns/dedup.go:83.84,85.16 2 1
github.com/EmiyaKiritsugu3/sentinel-core/internal/patterns/dedup.go:85.16,87.3 1 0
github.com/EmiyaKiritsugu3/sentinel-core/internal/patterns/dedup.go:89.2,91.24 3 1
github.com/EmiyaKiritsugu3/sentinel-core/internal/patterns/dedup.go:91.24,92.100 1 1
github.com/EmiyaKiritsugu3/sentinel-core/internal/patterns/dedup.go:92.100,94.12 2 0
github.com/EmiyaKiritsugu3/sentinel-core/internal/patterns/dedup.go:96.3,96.57 1 1
github.com/EmiyaKiritsugu3/sentinel-core/internal/patterns/dedup.go:96.57,98.4 1 1
github.com/EmiyaKiritsugu3/sentinel-core/internal/patterns/dedup.go:100.2,100.21 1 1
github.com/EmiyaKiritsugu3/sentinel-core/internal/patterns/store.go:59.60,60.63 1 1
github.com/EmiyaKiritsugu3/sentinel-core/internal/patterns/store.go:60.63,62.3 1 1
github.com/EmiyaKiritsugu3/sentinel-core/internal/patterns/store.go:63.2,63.35 1 1
github.com/EmiyaKiritsugu3/sentinel-core/internal/patterns/store.go:66.59,71.16 4 1
github.com/EmiyaKiritsugu3/sentinel-core/internal/patterns/store.go:71.16,73.3 1 1
github.com/EmiyaKiritsugu3/sentinel-core/internal/patterns/store.go:74.2,74.16 1 1
github.com/EmiyaKiritsugu3/sentinel-core/internal/patterns/store.go:77.69,81.28 3 1
github.com/EmiyaKiritsugu3/sentinel-core/internal/patterns/store.go:81.28,84.3 2 1
github.com/EmiyaKiritsugu3/sentinel-core/internal/patterns/store.go:85.2,85.26 1 1
github.com/EmiyaKiritsugu3/sentinel-core/internal/patterns/store.go:85.26,88.3 2 1
github.com/EmiyaKiritsugu3/sentinel-core/internal/patterns/store.go:89.2,89.26 1 1
github.com/EmiyaKiritsugu3/sentinel-core/internal/patterns/store.go:89.26,92.3 2 1
github.com/EmiyaKiritsugu3/sentinel-core/internal/patterns/store.go:94.2,96.23 2 1
github.com/EmiyaKiritsugu3/sentinel-core/internal/patterns/store.go:96.23,98.3 1 1
github.com/EmiyaKiritsugu3/sentinel-core/internal/patterns/store.go:100.2,101.16 2 1
github.com/EmiyaKiritsugu3/sentinel-core/internal/patterns/store.go:101.16,103.3 1 1
github.com/EmiyaKiritsugu3/sentinel-core/internal/patterns/store.go:104.2,106.27 2 1
github.com/EmiyaKiritsugu3/sentinel-core/internal/patterns/store.go:109.64,117.16 3 1
github.com/EmiyaKiritsugu3/sentinel-core/internal/patterns/store.go:117.16,119.3 1 0
github.com/EmiyaKiritsugu3/sentinel-core/internal/patterns/store.go:120.2,122.27 2 1
github.com/EmiyaKiritsugu3/sentinel-core/internal/patterns/store.go:125.57,134.16 5 1
github.com/EmiyaKiritsugu3/sentinel-core/internal/patterns/store.go:134.16,136.3 1 1
github.com/EmiyaKiritsugu3/sentinel-core/internal/patterns/store.go:137.2,139.16 3 1
github.com/EmiyaKiritsugu3/sentinel-core/internal/patterns/store.go:142.54,144.18 2 1
github.com/EmiyaKiritsugu3/sentinel-core/internal/patterns/store.go:144.18,150.17 3 1
github.com/EmiyaKiritsugu3/sentinel-core/internal/patterns/store.go:150.17,152.4 1 0
github.com/EmiyaKiritsugu3/sentinel-core/internal/patterns/store.go:153.3,155.33 3 1
github.com/EmiyaKiritsugu3/sentinel-core/internal/patterns/store.go:157.2,157.35 1 1
github.com/EmiyaKiritsugu3/sentinel-core/internal/patterns/store.go:157.35,159.3 1 0
github.com/EmiyaKiritsugu3/sentinel-core/internal/patterns/store.go:160.2,160.22 1 1
