<?xml version="1.0" encoding="UTF-8"?>
<coverage generated="1779776565108" clover="3.2.0">
  <project timestamp="1779776565108" name="All files">
    <metrics statements="63" coveredstatements="62" conditionals="57" coveredconditionals="43" methods="30" coveredmethods="30" elements="150" coveredelements="135" complexity="0" loc="63" ncloc="63" packages="1" files="6" classes="6"/>
    <file name="EventLog.css" path="/app/web/src/components/EventLog.css">
      <metrics statements="0" coveredstatements="0" conditionals="0" coveredconditionals="0" methods="0" coveredmethods="0"/>
    </file>
    <file name="EventLog.tsx" path="/app/web/src/components/EventLog.tsx">
      <metrics statements="21" coveredstatements="20" conditionals="29" coveredconditionals="22" methods="8" coveredmethods="8"/>
      <line num="12" count="5" type="stmt"/>
      <line num="13" count="5" type="stmt"/>
      <line num="14" count="5" type="stmt"/>
      <line num="15" count="5" type="stmt"/>
      <line num="18" count="5" type="stmt"/>
      <line num="19" count="5" type="cond" truecount="3" falsecount="1"/>
      <line num="20" count="5" type="stmt"/>
      <line num="24" count="5" type="stmt"/>
      <line num="25" count="1" type="cond" truecount="1" falsecount="1"/>
      <line num="27" count="1" type="stmt"/>
      <line num="30" count="5" type="stmt"/>
      <line num="50" count="4" type="stmt"/>
      <line num="59" count="4" type="cond" truecount="1" falsecount="1"/>
      <line num="62" count="4" type="stmt"/>
      <line num="64" count="4" type="stmt"/>
      <line num="81" count="4" type="stmt"/>
      <line num="82" count="4" type="cond" truecount="3" falsecount="1"/>
      <line num="84" count="4" type="cond" truecount="2" falsecount="1"/>
      <line num="86" count="3" type="cond" truecount="2" falsecount="0"/>
      <line num="90" count="1" type="cond" truecount="2" falsecount="2"/>
      <line num="92" count="0" type="stmt"/>
    </file>
    <file name="FilterToolbar.css" path="/app/web/src/components/FilterToolbar.css">
      <metrics statements="0" coveredstatements="0" conditionals="0" coveredconditionals="0" methods="0" coveredmethods="0"/>
    </file>
    <file name="FilterToolbar.tsx" path="/app/web/src/components/FilterToolbar.tsx">
      <metrics statements="14" coveredstatements="14" conditionals="6" coveredconditionals="4" methods="13" coveredmethods="13"/>
      <line num="4" count="1" type="stmt"/>
      <line num="18" count="5" type="stmt"/>
      <line num="19" count="5" type="stmt"/>
      <line num="20" count="5" type="stmt"/>
      <line num="21" count="5" type="stmt"/>
      <line num="22" count="5" type="stmt"/>
      <line num="23" count="5" type="stmt"/>
      <line num="24" count="5" type="stmt"/>
      <line num="26" count="5" type="stmt"/>
      <line num="30" count="25" type="stmt"/>
      <line num="34" count="1" type="stmt"/>
      <line num="47" count="1" type="stmt"/>
      <line num="54" count="1" type="cond" truecount="1" falsecount="1"/>
      <line num="58" count="4" type="stmt"/>
    </file>
    <file name="StatusHUD.css" path="/app/web/src/components/StatusHUD.css">
      <metrics statements="0" coveredstatements="0" conditionals="0" coveredconditionals="0" methods="0" coveredmethods="0"/>
    </file>
    <file name="StatusHUD.tsx" path="/app/web/src/components/StatusHUD.tsx">
      <metrics statements="28" coveredstatements="28" conditionals="22" coveredconditionals="17" methods="9" coveredmethods="9"/>
      <line num="5" count="1" type="stmt"/>
      <line num="22" count="1" type="cond" truecount="1" falsecount="1"/>
      <line num="23" count="1" type="stmt"/>
      <line num="49" count="4" type="stmt"/>
      <line num="50" count="4" type="stmt"/>
      <line num="51" count="4" type="stmt"/>
      <line num="52" count="4" type="stmt"/>
      <line num="54" count="4" type="stmt"/>
      <line num="55" count="4" type="stmt"/>
      <line num="56" count="4" type="stmt"/>
      <line num="58" count="4" type="stmt"/>
      <line num="59" count="4" type="cond" truecount="1" falsecount="1"/>
      <line num="60" count="4" type="stmt"/>
      <line num="61" count="4" type="cond" truecount="1" falsecount="1"/>
      <line num="64" count="4" type="stmt"/>
      <line num="66" count="4" type="stmt"/>
      <line num="69" count="4" type="cond" truecount="2" falsecount="0"/>
      <line num="70" count="1" type="stmt"/>
      <line num="77" count="3" type="cond" truecount="2" falsecount="0"/>
      <line num="78" count="2" type="cond" truecount="2" falsecount="0"/>
      <line num="79" count="1" type="stmt"/>
      <line num="86" count="1" type="stmt"/>
      <line num="93" count="1" type="stmt"/>
      <line num="94" count="1" type="cond" truecount="1" falsecount="1"/>
      <line num="95" count="1" type="stmt"/>
      <line num="96" count="1" type="cond" truecount="1" falsecount="1"/>
      <line num="97" count="1" type="stmt"/>
      <line num="101" count="1" type="stmt"/>
    </file>
  </project>
</coverage>
