{"/app/web/src/components/EventLog.css": {"path":"/app/web/src/components/EventLog.css","statementMap":{},"fnMap":{},"branchMap":{},"s":{},"f":{},"b":{},"meta":{"lastBranch":0,"lastFunction":0,"lastStatement":0,"seen":{}}}
,"/app/web/src/components/EventLog.tsx": {"path":"/app/web/src/components/EventLog.tsx","statementMap":{"0":{"start":{"line":12,"column":8},"end":{"line":12,"column":null}},"1":{"start":{"line":12,"column":39},"end":{"line":12,"column":47}},"2":{"start":{"line":13,"column":8},"end":{"line":13,"column":null}},"3":{"start":{"line":13,"column":39},"end":{"line":13,"column":46}},"4":{"start":{"line":14,"column":8},"end":{"line":14,"column":null}},"5":{"start":{"line":15,"column":8},"end":{"line":15,"column":null}},"6":{"start":{"line":18,"column":2},"end":{"line":22,"column":null}},"7":{"start":{"line":19,"column":4},"end":{"line":21,"column":null}},"8":{"start":{"line":20,"column":6},"end":{"line":20,"column":null}},"9":{"start":{"line":24,"column":8},"end":{"line":28,"column":null}},"10":{"start":{"line":25,"column":4},"end":{"line":25,"column":null}},"11":{"start":{"line":25,"column":26},"end":{"line":25,"column":null}},"12":{"start":{"line":27,"column":4},"end":{"line":27,"column":null}},"13":{"start":{"line":30,"column":2},"end":{"line":54,"column":null}},"14":{"start":{"line":50,"column":12},"end":{"line":50,"column":null}},"15":{"start":{"line":59,"column":15},"end":{"line":61,"column":null}},"16":{"start":{"line":62,"column":18},"end":{"line":62,"column":null}},"17":{"start":{"line":64,"column":2},"end":{"line":75,"column":null}},"18":{"start":{"line":81,"column":12},"end":{"line":81,"column":null}},"19":{"start":{"line":82,"column":2},"end":{"line":82,"column":null}},"20":{"start":{"line":82,"column":35},"end":{"line":82,"column":null}},"21":{"start":{"line":84,"column":2},"end":{"line":93,"column":null}},"22":{"start":{"line":86,"column":6},"end":{"line":88,"column":null}},"23":{"start":{"line":90,"column":6},"end":{"line":90,"column":null}},"24":{"start":{"line":92,"column":6},"end":{"line":92,"column":null}}},"fnMap":{"0":{"name":"EventLog","decl":{"start":{"line":11,"column":16},"end":{"line":11,"column":27}},"loc":{"start":{"line":11,"column":27},"end":{"line":56,"column":null}},"line":11},"1":{"name":"(anonymous_1)","decl":{"start":{"line":12,"column":17},"end":{"line":12,"column":34}},"loc":{"start":{"line":12,"column":39},"end":{"line":12,"column":47}},"line":12},"2":{"name":"(anonymous_2)","decl":{"start":{"line":13,"column":17},"end":{"line":13,"column":34}},"loc":{"start":{"line":13,"column":39},"end":{"line":13,"column":46}},"line":13},"3":{"name":"(anonymous_3)","decl":{"start":{"line":18,"column":2},"end":{"line":18,"column":18}},"loc":{"start":{"line":18,"column":18},"end":{"line":22,"column":5}},"line":18},"4":{"name":"(anonymous_4)","decl":{"start":{"line":24,"column":8},"end":{"line":24,"column":29}},"loc":{"start":{"line":24,"column":29},"end":{"line":28,"column":null}},"line":24},"5":{"name":"(anonymous_5)","decl":{"start":{"line":49,"column":17},"end":{"line":49,"column":22}},"loc":{"start":{"line":50,"column":12},"end":{"line":50,"column":null}},"line":50},"6":{"name":"EventRow","decl":{"start":{"line":58,"column":9},"end":{"line":58,"column":18}},"loc":{"start":{"line":58,"column":52},"end":{"line":77,"column":null}},"line":58},"7":{"name":"summarizePayload","decl":{"start":{"line":80,"column":9},"end":{"line":80,"column":26}},"loc":{"start":{"line":80,"column":53},"end":{"line":94,"column":null}},"line":80}},"branchMap":{"0":{"loc":{"start":{"line":19,"column":4},"end":{"line":21,"column":null}},"type":"if","locations":[{"start":{"line":19,"column":4},"end":{"line":21,"column":null}},{"start":{},"end":{}}],"line":19},"1":{"loc":{"start":{"line":19,"column":8},"end":{"line":19,"column":50}},"type":"binary-expr","locations":[{"start":{"line":19,"column":8},"end":{"line":19,"column":33}},{"start":{"line":19,"column":33},"end":{"line":19,"column":50}}],"line":19},"2":{"loc":{"start":{"line":25,"column":4},"end":{"line":25,"column":null}},"type":"if","locations":[{"start":{"line":25,"column":4},"end":{"line":25,"column":null}},{"start":{},"end":{}}],"line":25},"3":{"loc":{"start":{"line":35,"column":9},"end":{"line":38,"column":null}},"type":"binary-expr","locations":[{"start":{"line":35,"column":9},"end":{"line":35,"column":null}},{"start":{"line":36,"column":10},"end":{"line":38,"column":null}}],"line":35},"4":{"loc":{"start":{"line":46,"column":9},"end":{"line":51,"column":null}},"type":"cond-expr","locations":[{"start":{"line":47,"column":10},"end":{"line":49,"column":17}},{"start":{"line":49,"column":10},"end":{"line":51,"column":null}}],"line":46},"5":{"loc":{"start":{"line":59,"column":15},"end":{"line":61,"column":null}},"type":"cond-expr","locations":[{"start":{"line":60,"column":6},"end":{"line":60,"column":null}},{"start":{"line":61,"column":6},"end":{"line":61,"column":null}}],"line":59},"6":{"loc":{"start":{"line":72,"column":7},"end":{"line":75,"column":null}},"type":"binary-expr","locations":[{"start":{"line":72,"column":7},"end":{"line":72,"column":null}},{"start":{"line":73,"column":8},"end":{"line":75,"column":null}}],"line":72},"7":{"loc":{"start":{"line":82,"column":2},"end":{"line":82,"column":null}},"type":"if","locations":[{"start":{"line":82,"column":2},"end":{"line":82,"column":null}},{"start":{},"end":{}}],"line":82},"8":{"loc":{"start":{"line":82,"column":6},"end":{"line":82,"column":35}},"type":"binary-expr","locations":[{"start":{"line":82,"column":6},"end":{"line":82,"column":12}},{"start":{"line":82,"column":12},"end":{"line":82,"column":35}}],"line":82},"9":{"loc":{"start":{"line":84,"column":2},"end":{"line":93,"column":null}},"type":"switch","locations":[{"start":{"line":85,"column":4},"end":{"line":88,"column":null}},{"start":{"line":89,"column":4},"end":{"line":90,"column":null}},{"start":{"line":91,"column":4},"end":{"line":92,"column":null}}],"line":84},"10":{"loc":{"start":{"line":86,"column":14},"end":{"line":88,"column":null}},"type":"cond-expr","locations":[{"start":{"line":87,"column":10},"end":{"line":87,"column":null}},{"start":{"line":88,"column":10},"end":{"line":88,"column":null}}],"line":86},"11":{"loc":{"start":{"line":88,"column":20},"end":{"line":88,"column":null}},"type":"binary-expr","locations":[{"start":{"line":88,"column":20},"end":{"line":88,"column":56}},{"start":{"line":88,"column":56},"end":{"line":88,"column":null}}],"line":88},"12":{"loc":{"start":{"line":90,"column":23},"end":{"line":90,"column":65}},"type":"binary-expr","locations":[{"start":{"line":90,"column":23},"end":{"line":90,"column":61}},{"start":{"line":90,"column":61},"end":{"line":90,"column":65}}],"line":90},"13":{"loc":{"start":{"line":90,"column":71},"end":{"line":90,"column":null}},"type":"binary-expr","locations":[{"start":{"line":90,"column":71},"end":{"line":90,"column":107}},{"start":{"line":90,"column":107},"end":{"line":90,"column":null}}],"line":90}},"s":{"0":5,"1":5,"2":5,"3":5,"4":5,"5":5,"6":5,"7":5,"8":5,"9":5,"10":1,"11":0,"12":1,"13":5,"14":4,"15":4,"16":4,"17":4,"18":4,"19":4,"20":0,"21":4,"22":3,"23":1,"24":0},"f":{"0":5,"1":5,"2":5,"3":5,"4":1,"5":4,"6":4,"7":4},"b":{"0":[5,0],"1":[5,5],"2":[0,1],"3":[5,3],"4":[2,3],"5":[4,0],"6":[4,4],"7":[0,4],"8":[4,4],"9":[3,1,0],"10":[1,2],"11":[2,2],"12":[1,0],"13":[1,0]},"meta":{"lastBranch":14,"lastFunction":8,"lastStatement":25,"seen":{"f:11:16:11:27":0,"s:12:8:12:Infinity":0,"f:12:17:12:34":1,"s:12:39:12:47":1,"s:13:8:13:Infinity":2,"f:13:17:13:34":2,"s:13:39:13:46":3,"s:14:8:14:Infinity":4,"s:15:8:15:Infinity":5,"s:18:2:22:Infinity":6,"f:18:2:18:18":3,"b:19:4:21:Infinity:undefined:undefined:undefined:undefined":0,"s:19:4:21:Infinity":7,"b:19:8:19:33:19:33:19:50":1,"s:20:6:20:Infinity":8,"s:24:8:28:Infinity":9,"f:24:8:24:29":4,"b:25:4:25:Infinity:undefined:undefined:undefined:undefined":2,"s:25:4:25:Infinity":10,"s:25:26:25:Infinity":11,"s:27:4:27:Infinity":12,"s:30:2:54:Infinity":13,"b:35:9:35:Infinity:36:10:38:Infinity":3,"b:47:10:49:17:49:10:51:Infinity":4,"f:49:17:49:22":5,"s:50:12:50:Infinity":14,"f:58:9:58:18":6,"s:59:15:61:Infinity":15,"b:60:6:60:Infinity:61:6:61:Infinity":5,"s:62:18:62:Infinity":16,"s:64:2:75:Infinity":17,"b:72:7:72:Infinity:73:8:75:Infinity":6,"f:80:9:80:26":7,"s:81:12:81:Infinity":18,"b:82:2:82:Infinity:undefined:undefined:undefined:undefined":7,"s:82:2:82:Infinity":19,"b:82:6:82:12:82:12:82:35":8,"s:82:35:82:Infinity":20,"b:85:4:88:Infinity:89:4:90:Infinity:91:4:92:Infinity":9,"s:84:2:93:Infinity":21,"s:86:6:88:Infinity":22,"b:87:10:87:Infinity:88:10:88:Infinity":10,"b:88:20:88:56:88:56:88:Infinity":11,"s:90:6:90:Infinity":23,"b:90:23:90:61:90:61:90:65":12,"b:90:71:90:107:90:107:90:Infinity":13,"s:92:6:92:Infinity":24}}}
,"/app/web/src/components/FilterToolbar.css": {"path":"/app/web/src/components/FilterToolbar.css","statementMap":{},"fnMap":{},"branchMap":{},"s":{},"f":{},"b":{},"meta":{"lastBranch":0,"lastFunction":0,"lastStatement":0,"seen":{}}}
,"/app/web/src/components/FilterToolbar.tsx": {"path":"/app/web/src/components/FilterToolbar.tsx","statementMap":{"0":{"start":{"line":4,"column":30},"end":{"line":4,"column":null}},"1":{"start":{"line":18,"column":8},"end":{"line":18,"column":null}},"2":{"start":{"line":18,"column":46},"end":{"line":18,"column":60}},"3":{"start":{"line":19,"column":8},"end":{"line":19,"column":null}},"4":{"start":{"line":19,"column":46},"end":{"line":19,"column":58}},"5":{"start":{"line":20,"column":8},"end":{"line":20,"column":null}},"6":{"start":{"line":20,"column":46},"end":{"line":20,"column":63}},"7":{"start":{"line":21,"column":8},"end":{"line":21,"column":null}},"8":{"start":{"line":21,"column":46},"end":{"line":21,"column":58}},"9":{"start":{"line":22,"column":8},"end":{"line":22,"column":null}},"10":{"start":{"line":22,"column":46},"end":{"line":22,"column":61}},"11":{"start":{"line":23,"column":8},"end":{"line":23,"column":null}},"12":{"start":{"line":23,"column":49},"end":{"line":23,"column":69}},"13":{"start":{"line":24,"column":8},"end":{"line":24,"column":null}},"14":{"start":{"line":24,"column":46},"end":{"line":24,"column":53}},"15":{"start":{"line":26,"column":2},"end":{"line":65,"column":null}},"16":{"start":{"line":30,"column":10},"end":{"line":37,"column":null}},"17":{"start":{"line":34,"column":30},"end":{"line":34,"column":null}},"18":{"start":{"line":47,"column":23},"end":{"line":47,"column":null}},"19":{"start":{"line":54,"column":23},"end":{"line":54,"column":null}},"20":{"start":{"line":58,"column":10},"end":{"line":58,"column":null}}},"fnMap":{"0":{"name":"FilterToolbar","decl":{"start":{"line":17,"column":16},"end":{"line":17,"column":30}},"loc":{"start":{"line":17,"column":64},"end":{"line":67,"column":null}},"line":17},"1":{"name":"(anonymous_1)","decl":{"start":{"line":18,"column":26},"end":{"line":18,"column":41}},"loc":{"start":{"line":18,"column":46},"end":{"line":18,"column":60}},"line":18},"2":{"name":"(anonymous_2)","decl":{"start":{"line":19,"column":26},"end":{"line":19,"column":41}},"loc":{"start":{"line":19,"column":46},"end":{"line":19,"column":58}},"line":19},"3":{"name":"(anonymous_3)","decl":{"start":{"line":20,"column":26},"end":{"line":20,"column":41}},"loc":{"start":{"line":20,"column":46},"end":{"line":20,"column":63}},"line":20},"4":{"name":"(anonymous_4)","decl":{"start":{"line":21,"column":26},"end":{"line":21,"column":41}},"loc":{"start":{"line":21,"column":46},"end":{"line":21,"column":58}},"line":21},"5":{"name":"(anonymous_5)","decl":{"start":{"line":22,"column":26},"end":{"line":22,"column":41}},"loc":{"start":{"line":22,"column":46},"end":{"line":22,"column":61}},"line":22},"6":{"name":"(anonymous_6)","decl":{"start":{"line":23,"column":29},"end":{"line":23,"column":44}},"loc":{"start":{"line":23,"column":49},"end":{"line":23,"column":69}},"line":23},"7":{"name":"(anonymous_7)","decl":{"start":{"line":24,"column":26},"end":{"line":24,"column":41}},"loc":{"start":{"line":24,"column":46},"end":{"line":24,"column":53}},"line":24},"8":{"name":"(anonymous_8)","decl":{"start":{"line":29,"column":19},"end":{"line":29,"column":23}},"loc":{"start":{"line":30,"column":10},"end":{"line":37,"column":null}},"line":30},"9":{"name":"(anonymous_9)","decl":{"start":{"line":34,"column":14},"end":{"line":34,"column":30}},"loc":{"start":{"line":34,"column":30},"end":{"line":34,"column":null}},"line":34},"10":{"name":"(anonymous_10)","decl":{"start":{"line":47,"column":8},"end":{"line":47,"column":18}},"loc":{"start":{"line":47,"column":23},"end":{"line":47,"column":null}},"line":47},"11":{"name":"(anonymous_11)","decl":{"start":{"line":54,"column":8},"end":{"line":54,"column":18}},"loc":{"start":{"line":54,"column":23},"end":{"line":54,"column":null}},"line":54},"12":{"name":"(anonymous_12)","decl":{"start":{"line":57,"column":18},"end":{"line":57,"column":22}},"loc":{"start":{"line":58,"column":10},"end":{"line":58,"column":null}},"line":58}},"branchMap":{"0":{"loc":{"start":{"line":33,"column":23},"end":{"line":33,"column":null}},"type":"binary-expr","locations":[{"start":{"line":33,"column":23},"end":{"line":33,"column":50}},{"start":{"line":33,"column":50},"end":{"line":33,"column":null}}],"line":33},"1":{"loc":{"start":{"line":53,"column":15},"end":{"line":53,"column":null}},"type":"binary-expr","locations":[{"start":{"line":53,"column":15},"end":{"line":53,"column":34}},{"start":{"line":53,"column":34},"end":{"line":53,"column":null}}],"line":53},"2":{"loc":{"start":{"line":54,"column":42},"end":{"line":54,"column":64}},"type":"binary-expr","locations":[{"start":{"line":54,"column":42},"end":{"line":54,"column":60}},{"start":{"line":54,"column":60},"end":{"line":54,"column":64}}],"line":54}},"s":{"0":1,"1":5,"2":5,"3":5,"4":5,"5":5,"6":5,"7":5,"8":5,"9":5,"10":5,"11":5,"12":5,"13":5,"14":5,"15":5,"16":25,"17":1,"18":1,"19":1,"20":4},"f":{"0":5,"1":5,"2":5,"3":5,"4":5,"5":5,"6":5,"7":5,"8":25,"9":1,"10":1,"11":1,"12":4},"b":{"0":[25,0],"1":[5,5],"2":[1,0]},"meta":{"lastBranch":3,"lastFunction":13,"lastStatement":21,"seen":{"s:4:30:4:Infinity":0,"f:17:16:17:30":0,"s:18:8:18:Infinity":1,"f:18:26:18:41":1,"s:18:46:18:60":2,"s:19:8:19:Infinity":3,"f:19:26:19:41":2,"s:19:46:19:58":4,"s:20:8:20:Infinity":5,"f:20:26:20:41":3,"s:20:46:20:63":6,"s:21:8:21:Infinity":7,"f:21:26:21:41":4,"s:21:46:21:58":8,"s:22:8:22:Infinity":9,"f:22:26:22:41":5,"s:22:46:22:61":10,"s:23:8:23:Infinity":11,"f:23:29:23:44":6,"s:23:49:23:69":12,"s:24:8:24:Infinity":13,"f:24:26:24:41":7,"s:24:46:24:53":14,"s:26:2:65:Infinity":15,"f:29:19:29:23":8,"s:30:10:37:Infinity":16,"b:33:23:33:50:33:50:33:Infinity":0,"f:34:14:34:30":9,"s:34:30:34:Infinity":17,"f:47:8:47:18":10,"s:47:23:47:Infinity":18,"b:53:15:53:34:53:34:53:Infinity":1,"f:54:8:54:18":11,"s:54:23:54:Infinity":19,"b:54:42:54:60:54:60:54:64":2,"f:57:18:57:22":12,"s:58:10:58:Infinity":20}}}
,"/app/web/src/components/StatusHUD.css": {"path":"/app/web/src/components/StatusHUD.css","statementMap":{},"fnMap":{},"branchMap":{},"s":{},"f":{},"b":{},"meta":{"lastBranch":0,"lastFunction":0,"lastStatement":0,"seen":{}}}
,"/app/web/src/components/StatusHUD.tsx": {"path":"/app/web/src/components/StatusHUD.tsx","statementMap":{"0":{"start":{"line":5,"column":46},"end":{"line":11,"column":null}},"1":{"start":{"line":22,"column":16},"end":{"line":22,"column":null}},"2":{"start":{"line":23,"column":2},"end":{"line":37,"column":null}},"3":{"start":{"line":49,"column":8},"end":{"line":49,"column":null}},"4":{"start":{"line":49,"column":38},"end":{"line":49,"column":44}},"5":{"start":{"line":50,"column":8},"end":{"line":50,"column":null}},"6":{"start":{"line":50,"column":38},"end":{"line":50,"column":47}},"7":{"start":{"line":51,"column":8},"end":{"line":51,"column":null}},"8":{"start":{"line":51,"column":38},"end":{"line":51,"column":45}},"9":{"start":{"line":52,"column":8},"end":{"line":52,"column":null}},"10":{"start":{"line":52,"column":38},"end":{"line":52,"column":44}},"11":{"start":{"line":54,"column":2},"end":{"line":67,"column":null}},"12":{"start":{"line":55,"column":17},"end":{"line":55,"column":null}},"13":{"start":{"line":56,"column":20},"end":{"line":56,"column":null}},"14":{"start":{"line":58,"column":17},"end":{"line":62,"column":null}},"15":{"start":{"line":59,"column":6},"end":{"line":59,"column":null}},"16":{"start":{"line":59,"column":19},"end":{"line":59,"column":null}},"17":{"start":{"line":60,"column":6},"end":{"line":60,"column":null}},"18":{"start":{"line":61,"column":6},"end":{"line":61,"column":null}},"19":{"start":{"line":61,"column":18},"end":{"line":61,"column":null}},"20":{"start":{"line":64,"column":4},"end":{"line":64,"column":null}},"21":{"start":{"line":66,"column":4},"end":{"line":66,"column":null}},"22":{"start":{"line":66,"column":19},"end":{"line":66,"column":35}},"23":{"start":{"line":69,"column":2},"end":{"line":75,"column":null}},"24":{"start":{"line":70,"column":4},"end":{"line":73,"column":null}},"25":{"start":{"line":77,"column":2},"end":{"line":91,"column":null}},"26":{"start":{"line":78,"column":4},"end":{"line":85,"column":null}},"27":{"start":{"line":79,"column":6},"end":{"line":83,"column":null}},"28":{"start":{"line":86,"column":4},"end":{"line":89,"column":null}},"29":{"start":{"line":93,"column":13},"end":{"line":93,"column":null}},"30":{"start":{"line":94,"column":2},"end":{"line":99,"column":null}},"31":{"start":{"line":95,"column":17},"end":{"line":95,"column":null}},"32":{"start":{"line":96,"column":4},"end":{"line":98,"column":null}},"33":{"start":{"line":97,"column":6},"end":{"line":97,"column":null}},"34":{"start":{"line":101,"column":2},"end":{"line":114,"column":null}}},"fnMap":{"0":{"name":"StatusBadge","decl":{"start":{"line":21,"column":9},"end":{"line":21,"column":21}},"loc":{"start":{"line":21,"column":53},"end":{"line":39,"column":null}},"line":21},"1":{"name":"StatusHUD","decl":{"start":{"line":48,"column":16},"end":{"line":48,"column":28}},"loc":{"start":{"line":48,"column":28},"end":{"line":116,"column":null}},"line":48},"2":{"name":"(anonymous_2)","decl":{"start":{"line":49,"column":18},"end":{"line":49,"column":33}},"loc":{"start":{"line":49,"column":38},"end":{"line":49,"column":44}},"line":49},"3":{"name":"(anonymous_3)","decl":{"start":{"line":50,"column":18},"end":{"line":50,"column":33}},"loc":{"start":{"line":50,"column":38},"end":{"line":50,"column":47}},"line":50},"4":{"name":"(anonymous_4)","decl":{"start":{"line":51,"column":18},"end":{"line":51,"column":33}},"loc":{"start":{"line":51,"column":38},"end":{"line":51,"column":45}},"line":51},"5":{"name":"(anonymous_5)","decl":{"start":{"line":52,"column":18},"end":{"line":52,"column":33}},"loc":{"start":{"line":52,"column":38},"end":{"line":52,"column":44}},"line":52},"6":{"name":"(anonymous_6)","decl":{"start":{"line":54,"column":2},"end":{"line":54,"column":18}},"loc":{"start":{"line":54,"column":18},"end":{"line":67,"column":5}},"line":54},"7":{"name":"(anonymous_7)","decl":{"start":{"line":58,"column":17},"end":{"line":58,"column":29}},"loc":{"start":{"line":58,"column":29},"end":{"line":62,"column":null}},"line":58},"8":{"name":"(anonymous_8)","decl":{"start":{"line":66,"column":4},"end":{"line":66,"column":17}},"loc":{"start":{"line":66,"column":17},"end":{"line":66,"column":null}},"line":66}},"branchMap":{"0":{"loc":{"start":{"line":22,"column":16},"end":{"line":22,"column":null}},"type":"binary-expr","locations":[{"start":{"line":22,"column":16},"end":{"line":22,"column":41}},{"start":{"line":22,"column":41},"end":{"line":22,"column":null}}],"line":22},"1":{"loc":{"start":{"line":59,"column":6},"end":{"line":59,"column":null}},"type":"if","locations":[{"start":{"line":59,"column":6},"end":{"line":59,"column":null}},{"start":{},"end":{}}],"line":59},"2":{"loc":{"start":{"line":61,"column":6},"end":{"line":61,"column":null}},"type":"if","locations":[{"start":{"line":61,"column":6},"end":{"line":61,"column":null}},{"start":{},"end":{}}],"line":61},"3":{"loc":{"start":{"line":69,"column":2},"end":{"line":75,"column":null}},"type":"if","locations":[{"start":{"line":69,"column":2},"end":{"line":75,"column":null}},{"start":{},"end":{}}],"line":69},"4":{"loc":{"start":{"line":77,"column":2},"end":{"line":91,"column":null}},"type":"if","locations":[{"start":{"line":77,"column":2},"end":{"line":91,"column":null}},{"start":{},"end":{}}],"line":77},"5":{"loc":{"start":{"line":78,"column":4},"end":{"line":85,"column":null}},"type":"if","locations":[{"start":{"line":78,"column":4},"end":{"line":85,"column":null}},{"start":{},"end":{}}],"line":78},"6":{"loc":{"start":{"line":94,"column":2},"end":{"line":99,"column":null}},"type":"if","locations":[{"start":{"line":94,"column":2},"end":{"line":99,"column":null}},{"start":{},"end":{}}],"line":94},"7":{"loc":{"start":{"line":96,"column":4},"end":{"line":98,"column":null}},"type":"if","locations":[{"start":{"line":96,"column":4},"end":{"line":98,"column":null}},{"start":{},"end":{}}],"line":96},"8":{"loc":{"start":{"line":105,"column":7},"end":{"line":106,"column":null}},"type":"binary-expr","locations":[{"start":{"line":105,"column":7},"end":{"line":105,"column":null}},{"start":{"line":106,"column":8},"end":{"line":106,"column":null}}],"line":105},"9":{"loc":{"start":{"line":108,"column":7},"end":{"line":109,"column":null}},"type":"binary-expr","locations":[{"start":{"line":108,"column":7},"end":{"line":108,"column":null}},{"start":{"line":109,"column":8},"end":{"line":109,"column":null}}],"line":108},"10":{"loc":{"start":{"line":111,"column":7},"end":{"line":112,"column":null}},"type":"binary-expr","locations":[{"start":{"line":111,"column":7},"end":{"line":111,"column":null}},{"start":{"line":112,"column":8},"end":{"line":112,"column":null}}],"line":111}},"s":{"0":1,"1":1,"2":1,"3":4,"4":4,"5":4,"6":4,"7":4,"8":4,"9":4,"10":4,"11":4,"12":4,"13":4,"14":4,"15":4,"16":0,"17":4,"18":4,"19":4,"20":4,"21":4,"22":4,"23":4,"24":1,"25":3,"26":2,"27":1,"28":1,"29":1,"30":1,"31":1,"32":1,"33":1,"34":1},"f":{"0":1,"1":4,"2":4,"3":4,"4":4,"5":4,"6":4,"7":4,"8":4},"b":{"0":[1,0],"1":[0,4],"2":[4,0],"3":[1,3],"4":[2,1],"5":[1,1],"6":[1,0],"7":[1,0],"8":[1,1],"9":[4,1],"10":[4,1]},"meta":{"lastBranch":11,"lastFunction":9,"lastStatement":35,"seen":{"s:5:46:11:Infinity":0,"f:21:9:21:21":0,"s:22:16:22:Infinity":1,"b:22:16:22:41:22:41:22:Infinity":0,"s:23:2:37:Infinity":2,"f:48:16:48:28":1,"s:49:8:49:Infinity":3,"f:49:18:49:33":2,"s:49:38:49:44":4,"s:50:8:50:Infinity":5,"f:50:18:50:33":3,"s:50:38:50:47":6,"s:51:8:51:Infinity":7,"f:51:18:51:33":4,"s:51:38:51:45":8,"s:52:8:52:Infinity":9,"f:52:18:52:33":5,"s:52:38:52:44":10,"s:54:2:67:Infinity":11,"f:54:2:54:18":6,"s:55:17:55:Infinity":12,"s:56:20:56:Infinity":13,"s:58:17:62:Infinity":14,"f:58:17:58:29":7,"b:59:6:59:Infinity:undefined:undefined:undefined:undefined":1,"s:59:6:59:Infinity":15,"s:59:19:59:Infinity":16,"s:60:6:60:Infinity":17,"b:61:6:61:Infinity:undefined:undefined:undefined:undefined":2,"s:61:6:61:Infinity":18,"s:61:18:61:Infinity":19,"s:64:4:64:Infinity":20,"s:66:4:66:Infinity":21,"f:66:4:66:17":8,"s:66:19:66:35":22,"b:69:2:75:Infinity:undefined:undefined:undefined:undefined":3,"s:69:2:75:Infinity":23,"s:70:4:73:Infinity":24,"b:77:2:91:Infinity:undefined:undefined:undefined:undefined":4,"s:77:2:91:Infinity":25,"b:78:4:85:Infinity:undefined:undefined:undefined:undefined":5,"s:78:4:85:Infinity":26,"s:79:6:83:Infinity":27,"s:86:4:89:Infinity":28,"s:93:13:93:Infinity":29,"b:94:2:99:Infinity:undefined:undefined:undefined:undefined":6,"s:94:2:99:Infinity":30,"s:95:17:95:Infinity":31,"b:96:4:98:Infinity:undefined:undefined:undefined:undefined":7,"s:96:4:98:Infinity":32,"s:97:6:97:Infinity":33,"s:101:2:114:Infinity":34,"b:105:7:105:Infinity:106:8:106:Infinity":8,"b:108:7:108:Infinity:109:8:109:Infinity":9,"b:111:7:111:Infinity:112:8:112:Infinity":10}}}
}
